app/build/intermediates/manifest_merge_blame_file/debug/manifest-merger-blame-debug-report.txt
1<?xml version="1.0" encoding="utf-8"?>
2<manifest xmlns:android="http://schemas.android.com/apk/res/android"
3    package="com.example.myapplication"
4    android:versionCode="1"
5    android:versionName="1.0" >
6
7    <uses-sdk
8        android:minSdkVersion="21"
8-->src\main\AndroidManifest.xml
9        android:targetSdkVersion="33" />
9-->src\main\AndroidManifest.xml
10
11    <permission
11-->[androidx.core:core:1.9.0] AndroidManifest.xml:22:5-24:47
12        android:name="com.example.myapplication.DYNAMIC_RECEIVER_NOT_EXPORTED_PERMISSION"
12-->[androidx.core:core:1.9.0] AndroidManifest.xml:23:9-81
13        android:protectionLevel="signature" />
13-->[androidx.core:core:1.9.0] AndroidManifest.xml:24:9-44
14
15    <uses-permission android:name="com.example.myapplication.DYNAMIC_RECEIVER_NOT_EXPORTED_PERMISSION" />
15-->[androidx.core:core:1.9.0] AndroidManifest.xml:26:5-97
15-->[androidx.core:core:1.9.0] AndroidManifest.xml:26:22-94
16
17    <application
17-->src\main\AndroidManifest.xml:5:5-48:19
18        android:allowBackup="true"
18-->src\main\AndroidManifest.xml:6:9-35
19        android:appComponentFactory="androidx.core.app.CoreComponentFactory"
19-->[androidx.core:core:1.9.0] AndroidManifest.xml:28:18-86
20        android:dataExtractionRules="@xml/data_extraction_rules"
20-->src\main\AndroidManifest.xml:7:9-65
21        android:debuggable="true"
22        android:fullBackupContent="@xml/backup_rules"
22-->src\main\AndroidManifest.xml:8:9-54
23        android:icon="@mipmap/ic_launcher"
23-->src\main\AndroidManifest.xml:9:9-43
24        android:label="@string/app_name"
24-->src\main\AndroidManifest.xml:10:9-41
25        android:roundIcon="@mipmap/ic_launcher_round"
25-->src\main\AndroidManifest.xml:11:9-54
26        android:supportsRtl="true"
26-->src\main\AndroidManifest.xml:12:9-35
27        android:testOnly="true"
28        android:theme="@style/Theme.MyApplication" >
28-->src\main\AndroidManifest.xml:13:9-51
29        <activity
29-->src\main\AndroidManifest.xml:16:9-27:20
30            android:name="com.example.myapplication.SplashScreen"
30-->src\main\AndroidManifest.xml:17:13-41
31            android:exported="true" >
31-->src\main\AndroidManifest.xml:18:13-36
32            <intent-filter>
32-->src\main\AndroidManifest.xml:19:13-23:29
33                <action android:name="android.intent.action.MAIN" />
33-->src\main\AndroidManifest.xml:20:17-69
33-->src\main\AndroidManifest.xml:20:25-66
34
35                <category android:name="android.intent.category.LAUNCHER" />
35-->src\main\AndroidManifest.xml:22:17-77
35-->src\main\AndroidManifest.xml:22:27-74
36            </intent-filter>
37
38            <meta-data
38-->src\main\AndroidManifest.xml:24:13-26:36
39                android:name="android.app.lib_name"
39-->src\main\AndroidManifest.xml:25:17-52
40                android:value="" />
40-->src\main\AndroidManifest.xml:26:17-33
41        </activity>
42        <activity
42-->src\main\AndroidManifest.xml:28:9-34:20
43            android:name="com.example.myapplication.InputActivity"
43-->src\main\AndroidManifest.xml:29:13-42
44            android:exported="false" >
44-->src\main\AndroidManifest.xml:30:13-37
45            <meta-data
45-->src\main\AndroidManifest.xml:24:13-26:36
46                android:name="android.app.lib_name"
46-->src\main\AndroidManifest.xml:25:17-52
47                android:value="" />
47-->src\main\AndroidManifest.xml:26:17-33
48        </activity>
49        <activity
49-->src\main\AndroidManifest.xml:35:9-43:20
50            android:name="com.example.myapplication.MainActivity"
50-->src\main\AndroidManifest.xml:36:13-41
51            android:exported="false" >
51-->src\main\AndroidManifest.xml:37:13-37
52            <meta-data
52-->src\main\AndroidManifest.xml:24:13-26:36
53                android:name="android.app.lib_name"
53-->src\main\AndroidManifest.xml:25:17-52
54                android:value="" />
54-->src\main\AndroidManifest.xml:26:17-33
55        </activity>
56
57        <meta-data
57-->src\main\AndroidManifest.xml:45:9-47:57
58            android:name="preloaded_fonts"
58-->src\main\AndroidManifest.xml:46:13-43
59            android:resource="@array/preloaded_fonts" />
59-->src\main\AndroidManifest.xml:47:13-54
60
61        <provider
61-->[androidx.emoji2:emoji2:1.2.0] AndroidManifest.xml:24:9-32:20
62            android:name="androidx.startup.InitializationProvider"
62-->[androidx.emoji2:emoji2:1.2.0] AndroidManifest.xml:25:13-67
63            android:authorities="com.example.myapplication.androidx-startup"
63-->[androidx.emoji2:emoji2:1.2.0] AndroidManifest.xml:26:13-68
64            android:exported="false" >
64-->[androidx.emoji2:emoji2:1.2.0] AndroidManifest.xml:27:13-37
65            <meta-data
65-->[androidx.emoji2:emoji2:1.2.0] AndroidManifest.xml:29:13-31:52
66                android:name="androidx.emoji2.text.EmojiCompatInitializer"
66-->[androidx.emoji2:emoji2:1.2.0] AndroidManifest.xml:30:17-75
67                android:value="androidx.startup" />
67-->[androidx.emoji2:emoji2:1.2.0] AndroidManifest.xml:31:17-49
68            <meta-data
68-->[androidx.lifecycle:lifecycle-process:2.4.1] AndroidManifest.xml:31:13-33:52
69                android:name="androidx.lifecycle.ProcessLifecycleInitializer"
69-->[androidx.lifecycle:lifecycle-process:2.4.1] AndroidManifest.xml:32:17-78
70                android:value="androidx.startup" />
70-->[androidx.lifecycle:lifecycle-process:2.4.1] AndroidManifest.xml:33:17-49
71        </provider>
72    </application>
73
74</manifest>